Build started 20/10/2016 17:07:21.
     1>Project "C:\Users\Diarmuid\Documents\Visual Studio 2013\Projects\CS4052\CS4052_assignment_03\CS4052_assignment_03\CS4052_assignment_03.vcxproj" on node 2 (Build target(s)).
     1>ClCompile:
         C:\Program Files (x86)\Microsoft Visual Studio 12.0\VC\bin\CL.exe /c /I.\freeglut\include /I".\glew-1.10.0\include" /ZI /nologo /W3 /WX- /sdl /Od /Oy- /D _MBCS /Gm /EHsc /RTC1 /MDd /GS /fp:precise /Zc:wchar_t /Zc:forScope /Fo"Debug\\" /Fd"Debug\vc120.pdb" /Gd /TP /analyze- /errorReport:prompt main.cpp
         main.cpp
     1>c:\users\diarmuid\documents\visual studio 2013\projects\cs4052\cs4052_assignment_03\cs4052_assignment_03\teapot.h(2980): warning C4305: 'initializing' : truncation from 'double' to 'float'
     1>c:\users\diarmuid\documents\visual studio 2013\projects\cs4052\cs4052_assignment_03\cs4052_assignment_03\teapot.h(5959): warning C4305: 'initializing' : truncation from 'double' to 'float'
     1>c:\users\diarmuid\documents\visual studio 2013\projects\cs4052\cs4052_assignment_03\cs4052_assignment_03\teapot.h(8938): warning C4305: 'initializing' : truncation from 'double' to 'float'
     1>c:\users\diarmuid\documents\visual studio 2013\projects\cs4052\cs4052_assignment_03\cs4052_assignment_03\main.cpp(28): warning C4244: 'initializing' : conversion from 'double' to 'int', possible loss of data
     1>c:\users\diarmuid\documents\visual studio 2013\projects\cs4052\cs4052_assignment_03\cs4052_assignment_03\main.cpp(29): warning C4244: 'initializing' : conversion from 'double' to 'int', possible loss of data
     1>c:\users\diarmuid\documents\visual studio 2013\projects\cs4052\cs4052_assignment_03\cs4052_assignment_03\main.cpp(140): warning C4244: 'argument' : conversion from 'float' to 'GLsizeiptr', possible loss of data
     1>c:\users\diarmuid\documents\visual studio 2013\projects\cs4052\cs4052_assignment_03\cs4052_assignment_03\main.cpp(144): warning C4244: 'argument' : conversion from 'float' to 'GLsizeiptr', possible loss of data
     1>c:\users\diarmuid\documents\visual studio 2013\projects\cs4052\cs4052_assignment_03\cs4052_assignment_03\main.cpp(182): warning C4305: 'argument' : truncation from 'double' to 'float'
     1>c:\users\diarmuid\documents\visual studio 2013\projects\cs4052\cs4052_assignment_03\cs4052_assignment_03\main.cpp(189): warning C4244: 'argument' : conversion from 'float' to 'GLsizei', possible loss of data
       Link:
         C:\Program Files (x86)\Microsoft Visual Studio 12.0\VC\bin\link.exe /ERRORREPORT:PROMPT /OUT:"C:\Users\Diarmuid\Documents\Visual Studio 2013\Projects\CS4052\CS4052_assignment_03\Debug\CS4052_assignment_03.exe" /INCREMENTAL /NOLOGO /LIBPATH:.\freeglut\lib /LIBPATH:".\glew-1.10.0\lib\Release\Win32" freeglut.lib glew32.lib kernel32.lib user32.lib gdi32.lib winspool.lib comdlg32.lib advapi32.lib shell32.lib ole32.lib oleaut32.lib uuid.lib odbc32.lib odbccp32.lib /MANIFEST /MANIFESTUAC:"level='asInvoker' uiAccess='false'" /manifest:embed /DEBUG /PDB:"C:\Users\Diarmuid\Documents\Visual Studio 2013\Projects\CS4052\CS4052_assignment_03\Debug\CS4052_assignment_03.pdb" /TLBID:1 /DYNAMICBASE /NXCOMPAT /IMPLIB:"C:\Users\Diarmuid\Documents\Visual Studio 2013\Projects\CS4052\CS4052_assignment_03\Debug\CS4052_assignment_03.lib" /MACHINE:X86 Debug\main.obj
         Debug\maths_funcs.obj
         CS4052_assignment_03.vcxproj -> C:\Users\Diarmuid\Documents\Visual Studio 2013\Projects\CS4052\CS4052_assignment_03\Debug\CS4052_assignment_03.exe
     1>Done Building Project "C:\Users\Diarmuid\Documents\Visual Studio 2013\Projects\CS4052\CS4052_assignment_03\CS4052_assignment_03\CS4052_assignment_03.vcxproj" (Build target(s)).

Build succeeded.

Time Elapsed 00:00:01.71
