Build started 23/10/2016 17:17:55.
     1>Project "C:\Users\Diarmuid\Documents\Visual Studio 2013\Projects\CS4052\CS4052_assignment_03\CS4052_assignment_03\CS4052_assignment_03.vcxproj" on node 2 (Build target(s)).
     1>ClCompile:
         C:\Program Files (x86)\Microsoft Visual Studio 12.0\VC\bin\CL.exe /c /I.\freeglut\include /I".\glew-1.10.0\include" /Zi /nologo /W3 /WX- /sdl /O2 /Oi /Oy- /GL /D _MBCS /Gm- /EHsc /MD /GS /Gy /fp:precise /Zc:wchar_t /Zc:forScope /Fo"Release\\" /Fd"Release\vc120.pdb" /Gd /TP /analyze- /errorReport:prompt main.cpp
         main.cpp
     1>c:\users\diarmuid\documents\visual studio 2013\projects\cs4052\cs4052_assignment_03\cs4052_assignment_03\teapot.h(2980): warning C4305: 'initializing' : truncation from 'double' to 'float'
     1>c:\users\diarmuid\documents\visual studio 2013\projects\cs4052\cs4052_assignment_03\cs4052_assignment_03\teapot.h(5959): warning C4305: 'initializing' : truncation from 'double' to 'float'
     1>c:\users\diarmuid\documents\visual studio 2013\projects\cs4052\cs4052_assignment_03\cs4052_assignment_03\teapot.h(8938): warning C4305: 'initializing' : truncation from 'double' to 'float'
     1>main.cpp(28): warning C4244: 'initializing' : conversion from 'double' to 'int', possible loss of data
     1>main.cpp(29): warning C4244: 'initializing' : conversion from 'double' to 'int', possible loss of data
     1>main.cpp(141): warning C4244: 'argument' : conversion from 'float' to 'GLsizeiptr', possible loss of data
     1>main.cpp(145): warning C4244: 'argument' : conversion from 'float' to 'GLsizeiptr', possible loss of data
     1>main.cpp(184): warning C4305: 'argument' : truncation from 'double' to 'float'
     1>main.cpp(191): warning C4244: 'argument' : conversion from 'float' to 'GLsizei', possible loss of data
     1>main.cpp(201): warning C4244: 'argument' : conversion from 'float' to 'GLsizei', possible loss of data
     1>main.cpp(204): warning C4305: 'argument' : truncation from 'double' to 'float'
     1>main.cpp(212): warning C4244: 'argument' : conversion from 'float' to 'GLsizei', possible loss of data
     1>main.cpp(216): warning C4305: 'argument' : truncation from 'double' to 'float'
     1>main.cpp(223): warning C4244: 'argument' : conversion from 'float' to 'GLsizei', possible loss of data
       Link:
         C:\Program Files (x86)\Microsoft Visual Studio 12.0\VC\bin\link.exe /ERRORREPORT:PROMPT /OUT:"C:\Users\Diarmuid\Documents\Visual Studio 2013\Projects\CS4052\CS4052_assignment_03\Release\CS4052_assignment_03.exe" /NOLOGO /LIBPATH:.\freeglut\lib /LIBPATH:".\glew-1.10.0\lib\Release\Win32" freeglut.lib glew32.lib kernel32.lib user32.lib gdi32.lib winspool.lib comdlg32.lib advapi32.lib shell32.lib ole32.lib oleaut32.lib uuid.lib odbc32.lib odbccp32.lib /MANIFEST /MANIFESTUAC:"level='asInvoker' uiAccess='false'" /manifest:embed /DEBUG /PDB:"C:\Users\Diarmuid\Documents\Visual Studio 2013\Projects\CS4052\CS4052_assignment_03\Release\CS4052_assignment_03.pdb" /OPT:REF /OPT:ICF /LTCG /TLBID:1 /DYNAMICBASE /NXCOMPAT /IMPLIB:"C:\Users\Diarmuid\Documents\Visual Studio 2013\Projects\CS4052\CS4052_assignment_03\Release\CS4052_assignment_03.lib" /MACHINE:X86 /SAFESEH Release\main.obj
         Release\maths_funcs.obj
         Generating code
         Finished generating code
         CS4052_assignment_03.vcxproj -> C:\Users\Diarmuid\Documents\Visual Studio 2013\Projects\CS4052\CS4052_assignment_03\Release\CS4052_assignment_03.exe
     1>Done Building Project "C:\Users\Diarmuid\Documents\Visual Studio 2013\Projects\CS4052\CS4052_assignment_03\CS4052_assignment_03\CS4052_assignment_03.vcxproj" (Build target(s)).

Build succeeded.

Time Elapsed 00:00:02.07
